Unity Editor version:    2022.3.9f1 (ea401c316338)
Branch:                  2022.3/staging
Build type:              Release
Batch mode:              YES
macOS version:           Version 14.1 (Build 23B74)
Darwin version:          23.1.0
Architecture:            arm64
Running under Rosetta:   NO
Available memory:        16384 MB
Using pre-set license
Pro License: YES

COMMAND LINE ARGUMENTS:
/Applications/Unity/Hub/Editor/2022.3.9f1/Unity.app/Contents/MacOS/Unity
-adb2
-batchMode
-noUpm
-name
AssetImportWorker0
-projectPath
/Users/eryk/Documents/GitHub/FinalProject/Game
-logFile
Logs/AssetImportWorker0.log
-srvPort
61312
Successfully changed project path to: /Users/eryk/Documents/GitHub/FinalProject/Game
/Users/eryk/Documents/GitHub/FinalProject/Game
[UnityMemory] Configuration Parameters - Can be set up in boot.config
    "memorysetup-bucket-allocator-granularity=16"
    "memorysetup-bucket-allocator-bucket-count=8"
    "memorysetup-bucket-allocator-block-size=33554432"
    "memorysetup-bucket-allocator-block-count=8"
    "memorysetup-main-allocator-block-size=16777216"
    "memorysetup-thread-allocator-block-size=16777216"
    "memorysetup-gfx-main-allocator-block-size=16777216"
    "memorysetup-gfx-thread-allocator-block-size=16777216"
    "memorysetup-cache-allocator-block-size=4194304"
    "memorysetup-typetree-allocator-block-size=2097152"
    "memorysetup-profiler-bucket-allocator-granularity=16"
    "memorysetup-profiler-bucket-allocator-bucket-count=8"
    "memorysetup-profiler-bucket-allocator-block-size=33554432"
    "memorysetup-profiler-bucket-allocator-block-count=8"
    "memorysetup-profiler-allocator-block-size=16777216"
    "memorysetup-profiler-editor-allocator-block-size=1048576"
    "memorysetup-temp-allocator-size-main=16777216"
    "memorysetup-job-temp-allocator-block-size=2097152"
    "memorysetup-job-temp-allocator-block-size-background=1048576"
    "memorysetup-job-temp-allocator-reduction-small-platforms=262144"
    "memorysetup-allocator-temp-initial-block-size-main=262144"
    "memorysetup-allocator-temp-initial-block-size-worker=262144"
    "memorysetup-temp-allocator-size-background-worker=32768"
    "memorysetup-temp-allocator-size-job-worker=262144"
    "memorysetup-temp-allocator-size-preload-manager=33554432"
    "memorysetup-temp-allocator-size-nav-mesh-worker=65536"
    "memorysetup-temp-allocator-size-audio-worker=65536"
    "memorysetup-temp-allocator-size-cloud-worker=32768"
    "memorysetup-temp-allocator-size-gi-baking-worker=262144"
    "memorysetup-temp-allocator-size-gfx=262144"
Player connection [8019844800] Host "[IP] 192.168.0.13 [Port] 0 [Flags] 2 [Guid] 1153882110 [EditorId] 1153882110 [Version] 1048832 [Id] OSXEditor(0,Eryks-Air) [Debug] 1 [PackageName] OSXEditor [ProjectName] Editor" joined multi-casting on [225.0.0.222:54997]...

Player connection [8019844800] Host "[IP] 192.168.0.13 [Port] 0 [Flags] 2 [Guid] 1153882110 [EditorId] 1153882110 [Version] 1048832 [Id] OSXEditor(0,Eryks-Air) [Debug] 1 [PackageName] OSXEditor [ProjectName] Editor" joined alternative multi-casting on [225.0.0.222:34997]...

[Physics::Module] Initialized MultithreadedJobDispatcher with 7 workers.
Refreshing native plugins compatible for Editor in 14.10 ms, found 2 plugins.
Preloading 0 native plugins for Editor in 0.00 ms.
Initialize engine version: 2022.3.9f1 (ea401c316338)
[Subsystems] Discovering subsystems at path /Applications/Unity/Hub/Editor/2022.3.9f1/Unity.app/Contents/Resources/UnitySubsystems
[Subsystems] Discovering subsystems at path /Users/eryk/Documents/GitHub/FinalProject/Game/Assets
GfxDevice: creating device client; threaded=0; jobified=0
 preferred device: Apple M2 (high power)
Metal devices available: 1
0: Apple M2 (high power)
Using device Apple M2 (high power)
Initializing Metal device caps: Apple M2
Initialize mono
Mono path[0] = '/Applications/Unity/Hub/Editor/2022.3.9f1/Unity.app/Contents/Managed'
Mono path[1] = '/Applications/Unity/Hub/Editor/2022.3.9f1/Unity.app/Contents/MonoBleedingEdge/lib/mono/unityjit-macos'
Mono config path = '/Applications/Unity/Hub/Editor/2022.3.9f1/Unity.app/Contents/MonoBleedingEdge/etc'
Using monoOptions --debugger-agent=transport=dt_socket,embedding=1,server=y,suspend=n,address=127.0.0.1:56931
Begin MonoManager ReloadAssembly
Registering precompiled unity dll's ...
Register platform support module: /Applications/Unity/Hub/Editor/2022.3.9f1/PlaybackEngines/WebGLSupport/UnityEditor.WebGL.Extensions.dll
Register platform support module: /Applications/Unity/Hub/Editor/2022.3.9f1/Unity.app/Contents/PlaybackEngines/MacStandaloneSupport/UnityEditor.OSXStandalone.Extensions.dll
Registered in 0.001461 seconds.
- Loaded All Assemblies, in  0.228 seconds
Native extension for OSXStandalone target not found
Native extension for WebGL target not found
Mono: successfully reloaded assembly
- Finished resetting the current domain, in  0.150 seconds
Domain Reload Profiling: 378ms
	BeginReloadAssembly (76ms)
		ExecutionOrderSort (0ms)
		DisableScriptedObjects (0ms)
		BackupInstance (0ms)
		ReleaseScriptingObjects (0ms)
		CreateAndSetChildDomain (0ms)
	RebuildCommonClasses (22ms)
	RebuildNativeTypeToScriptingClass (9ms)
	initialDomainReloadingComplete (30ms)
	LoadAllAssembliesAndSetupDomain (91ms)
		LoadAssemblies (76ms)
		RebuildTransferFunctionScriptingTraits (0ms)
		AnalyzeDomain (89ms)
			TypeCache.Refresh (88ms)
				TypeCache.ScanAssembly (79ms)
			ScanForSourceGeneratedMonoScriptInfo (0ms)
			ResolveRequiredComponents (0ms)
	FinalizeReload (150ms)
		ReleaseScriptCaches (0ms)
		RebuildScriptCaches (0ms)
		SetupLoadedEditorAssemblies (113ms)
			LogAssemblyErrors (0ms)
			InitializePlatformSupportModulesInManaged (4ms)
			SetLoadedEditorAssemblies (3ms)
			RefreshPlugins (0ms)
			BeforeProcessingInitializeOnLoad (1ms)
			ProcessInitializeOnLoadAttributes (80ms)
			ProcessInitializeOnLoadMethodAttributes (25ms)
			AfterProcessingInitializeOnLoad (0ms)
			EditorAssembliesLoaded (0ms)
		ExecutionOrderSort2 (0ms)
		AwakeInstancesAfterBackupRestoration (0ms)
========================================================================
Worker process is ready to serve import requests
Begin MonoManager ReloadAssembly
Symbol file LoadedFromMemory is not a mono symbol file
- Loaded All Assemblies, in  0.447 seconds
Refreshing native plugins compatible for Editor in 2.70 ms, found 2 plugins.
Native extension for OSXStandalone target not found
Native extension for WebGL target not found
Package Manager log level set to [2]
[Package Manager] Server::EnsureServerProcessIsRunning -- launch failed, reason: Unity was launched with the -noUpm command-line argument
[Package Manager] UpmClient::Send -- Unable to send message (not connected to UPM process).
[Package Manager] Cannot connect to Unity Package Manager local server
Mono: successfully reloaded assembly
- Finished resetting the current domain, in  0.502 seconds
Domain Reload Profiling: 950ms
	BeginReloadAssembly (78ms)
		ExecutionOrderSort (0ms)
		DisableScriptedObjects (3ms)
		BackupInstance (0ms)
		ReleaseScriptingObjects (0ms)
		CreateAndSetChildDomain (25ms)
	RebuildCommonClasses (22ms)
	RebuildNativeTypeToScriptingClass (8ms)
	initialDomainReloadingComplete (21ms)
	LoadAllAssembliesAndSetupDomain (320ms)
		LoadAssemblies (217ms)
		RebuildTransferFunctionScriptingTraits (0ms)
		AnalyzeDomain (131ms)
			TypeCache.Refresh (116ms)
				TypeCache.ScanAssembly (101ms)
			ScanForSourceGeneratedMonoScriptInfo (11ms)
			ResolveRequiredComponents (3ms)
	FinalizeReload (503ms)
		ReleaseScriptCaches (0ms)
		RebuildScriptCaches (0ms)
		SetupLoadedEditorAssemblies (416ms)
			LogAssemblyErrors (0ms)
			InitializePlatformSupportModulesInManaged (3ms)
			SetLoadedEditorAssemblies (5ms)
			RefreshPlugins (0ms)
			BeforeProcessingInitializeOnLoad (42ms)
			ProcessInitializeOnLoadAttributes (271ms)
			ProcessInitializeOnLoadMethodAttributes (94ms)
			AfterProcessingInitializeOnLoad (1ms)
			EditorAssembliesLoaded (0ms)
		ExecutionOrderSort2 (0ms)
		AwakeInstancesAfterBackupRestoration (2ms)
Launching external process: /Applications/Unity/Hub/Editor/2022.3.9f1/Unity.app/Contents/Tools/UnityShaderCompiler
Launched and connected shader compiler UnityShaderCompiler after 0.07 seconds
Refreshing native plugins compatible for Editor in 2.09 ms, found 2 plugins.
Preloading 0 native plugins for Editor in 0.00 ms.
Unloading 4064 Unused Serialized files (Serialized files now loaded: 0)
Unloading 63 unused Assets / (66.9 KB). Loaded Objects now: 4503.
Memory consumption went from 151.0 MB to 151.0 MB.
Total: 9.753500 ms (FindLiveObjects: 0.147667 ms CreateObjectMapping: 0.069000 ms MarkObjects: 9.405458 ms  DeleteObjects: 0.130459 ms)

AssetImportParameters requested are different than current active one (requested -> active):
  custom:container-demuxer-ogg: 62fdf1f143b41e24485cea50d1cbac27 -> 
  custom:video-decoder-ogg-theora: a1e56fd34408186e4bbccfd4996cb3dc -> 
  custom:CustomObjectIndexerAttribute: 756ad292c208cfabdd7b50bc23989ffe -> 
  custom:container-demuxer-webm: 4f35f7cbe854078d1ac9338744f61a02 -> 
  custom:container-muxer-webm: aa71ff27fc2769a1b78a27578f13a17b -> 
  custom:video-decoder-webm-vp8: 9c59270c3fd7afecdb556c50c9e8de78 -> 
  custom:SearchIndexIgnoredProperties: e643bd26f0fe6173181afceb89e7c659 -> 
  custom:AudioImporter_EditorPlatform: 3918e3fc78b5a79bad01e8451be0beb8 -> 
  custom:framework-osx-AVFoundation: e770b220cccbd017edd2c1fefb359320 -> 
  custom:video-encoder-webm-vp8: eb34c28f22e8b96e1ab97ce403110664 -> 
  custom:audio-decoder-ogg-vorbis: bf7c407c2cedff20999df2af8eb42d56 -> 
  custom:audio-encoder-webm-vorbis: bf7c407c2cedff20999df2af8eb42d56 -> 
========================================================================
Received Import Request.
  Time since last request: 1161240.703930 seconds.
  path: Assets/Prefabs/Coin.prefab
  artifactKey: Guid(894fb8c46142a44b2ba2731a25096ab2) Importer(2089858483,0ecaa5967403d082aa24f35e1b516d23)
Start importing Assets/Prefabs/Coin.prefab using Guid(894fb8c46142a44b2ba2731a25096ab2) Importer(2089858483,0ecaa5967403d082aa24f35e1b516d23)  -> (artifact id: '0f7121c59f8b367ee81a22c54385acd9') in 0.056056 seconds
Number of updated asset objects reloaded before import = 0
Number of asset objects unloaded after import = 10
========================================================================
Received Import Request.
  Time since last request: 0.011425 seconds.
  path: Assets/Course Library/Animals/Dogs/Dog_BorderCollie_01.prefab
  artifactKey: Guid(d3273ee892cdcf749a22b49daf393a91) Importer(2089858483,0ecaa5967403d082aa24f35e1b516d23)
Start importing Assets/Course Library/Animals/Dogs/Dog_BorderCollie_01.prefab using Guid(d3273ee892cdcf749a22b49daf393a91) Importer(2089858483,0ecaa5967403d082aa24f35e1b516d23)  -> (artifact id: 'e79107f66b1895dcd6f3f9efec674a25') in 0.027130 seconds
Number of updated asset objects reloaded before import = 0
Number of asset objects unloaded after import = 269
========================================================================
Received Import Request.
  Time since last request: 0.000375 seconds.
  path: Assets/Course Library/Animals/Dogs/Dog_Beagle_01.prefab
  artifactKey: Guid(05554c72f25b7364caea91a88803135d) Importer(2089858483,0ecaa5967403d082aa24f35e1b516d23)
Start importing Assets/Course Library/Animals/Dogs/Dog_Beagle_01.prefab using Guid(05554c72f25b7364caea91a88803135d) Importer(2089858483,0ecaa5967403d082aa24f35e1b516d23)  -> (artifact id: '93aaa94ecb6ac2880a44ca221c1aa6db') in 0.022320 seconds
Number of updated asset objects reloaded before import = 0
Number of asset objects unloaded after import = 269
========================================================================
Received Import Request.
  Time since last request: 0.000941 seconds.
  path: Assets/Prefabs2/Coin 1.prefab
  artifactKey: Guid(06748b05af596417e92ae1ac4399107a) Importer(2089858483,0ecaa5967403d082aa24f35e1b516d23)
Start importing Assets/Prefabs2/Coin 1.prefab using Guid(06748b05af596417e92ae1ac4399107a) Importer(2089858483,0ecaa5967403d082aa24f35e1b516d23)  -> (artifact id: '84495d2c5aa3cc881197e4004c9a41b6') in 0.013487 seconds
Number of updated asset objects reloaded before import = 0
Number of asset objects unloaded after import = 11
========================================================================
Received Import Request.
  Time since last request: 0.103312 seconds.
  path: Assets/TextMesh Pro/Sprites/EmojiOne.json
  artifactKey: Guid(8f05276190cf498a8153f6cbe761d4e6) Importer(2089858483,0ecaa5967403d082aa24f35e1b516d23)
Start importing Assets/TextMesh Pro/Sprites/EmojiOne.json using Guid(8f05276190cf498a8153f6cbe761d4e6) Importer(2089858483,0ecaa5967403d082aa24f35e1b516d23)  -> (artifact id: '84e1c99ded31cc334bafc59ce948dfb6') in 0.001973 seconds
Number of updated asset objects reloaded before import = 0
Number of asset objects unloaded after import = 1
========================================================================
Received Import Request.
  Time since last request: 0.011612 seconds.
  path: Assets/Course Library/Animals/Forest/Animal_Stag_02.prefab
  artifactKey: Guid(e2b54f18a442ae84cb37b05e649edfc0) Importer(2089858483,0ecaa5967403d082aa24f35e1b516d23)
Start importing Assets/Course Library/Animals/Forest/Animal_Stag_02.prefab using Guid(e2b54f18a442ae84cb37b05e649edfc0) Importer(2089858483,0ecaa5967403d082aa24f35e1b516d23)  -> (artifact id: '8af49da37581e9ad3684e9839c012a06') in 0.014174 seconds
Number of updated asset objects reloaded before import = 0
Number of asset objects unloaded after import = 57
========================================================================
Received Import Request.
  Time since last request: 0.000033 seconds.
  path: Assets/TextMesh Pro/Shaders/TMP_SDF-Mobile Overlay.shader
  artifactKey: Guid(a02a7d8c237544f1962732b55a9aebf1) Importer(2089858483,0ecaa5967403d082aa24f35e1b516d23)
Start importing Assets/TextMesh Pro/Shaders/TMP_SDF-Mobile Overlay.shader using Guid(a02a7d8c237544f1962732b55a9aebf1) Importer(2089858483,0ecaa5967403d082aa24f35e1b516d23)  -> (artifact id: 'a5a8f142156445f626eef74377878b5a') in 0.007720 seconds
Number of updated asset objects reloaded before import = 0
Number of asset objects unloaded after import = 1
========================================================================
Received Import Request.
  Time since last request: 0.000333 seconds.
  path: Assets/Course Library/Characters/City/SimplePeople_Punk_Brown.prefab
  artifactKey: Guid(4a7c3ad7168bb834b87a91e3f94ad3d6) Importer(2089858483,0ecaa5967403d082aa24f35e1b516d23)
Start importing Assets/Course Library/Characters/City/SimplePeople_Punk_Brown.prefab using Guid(4a7c3ad7168bb834b87a91e3f94ad3d6) Importer(2089858483,0ecaa5967403d082aa24f35e1b516d23)  -> (artifact id: '4b3410feabbf8fbebb415cfd9712cb18') in 0.027418 seconds
Number of updated asset objects reloaded before import = 0
Number of asset objects unloaded after import = 404
========================================================================
Received Import Request.
  Time since last request: 0.000035 seconds.
  path: Assets/Course Library/Animals/Forest/Animal_Fox_01.prefab
  artifactKey: Guid(e3245acddde40bf49aa555d6bdc14998) Importer(2089858483,0ecaa5967403d082aa24f35e1b516d23)
Start importing Assets/Course Library/Animals/Forest/Animal_Fox_01.prefab using Guid(e3245acddde40bf49aa555d6bdc14998) Importer(2089858483,0ecaa5967403d082aa24f35e1b516d23)  -> (artifact id: '2bb34d9217d06d6c087e9425bbc287e3') in 0.017329 seconds
Number of updated asset objects reloaded before import = 0
Number of asset objects unloaded after import = 65
========================================================================
Received Import Request.
  Time since last request: 0.000076 seconds.
  path: Assets/Course Library/Particles/FX_Fireworks_Green_Small.prefab
  artifactKey: Guid(cd4d7020429cde74db076ffa72495419) Importer(2089858483,0ecaa5967403d082aa24f35e1b516d23)
Start importing Assets/Course Library/Particles/FX_Fireworks_Green_Small.prefab using Guid(cd4d7020429cde74db076ffa72495419) Importer(2089858483,0ecaa5967403d082aa24f35e1b516d23)  -> (artifact id: '7af7f3d005688255cd0b9f36f9895e9f') in 0.064936 seconds
Number of updated asset objects reloaded before import = 0
Number of asset objects unloaded after import = 6
========================================================================
Received Import Request.
  Time since last request: 0.027399 seconds.
  path: Assets/TextMesh Pro/Sprites/EmojiOne.png
  artifactKey: Guid(dffef66376be4fa480fb02b19edbe903) Importer(2089858483,0ecaa5967403d082aa24f35e1b516d23)
Start importing Assets/TextMesh Pro/Sprites/EmojiOne.png using Guid(dffef66376be4fa480fb02b19edbe903) Importer(2089858483,0ecaa5967403d082aa24f35e1b516d23)  -> (artifact id: '6cf2713cdd395fb8735be5c1b8437230') in 0.032165 seconds
Number of updated asset objects reloaded before import = 0
Number of asset objects unloaded after import = 1
========================================================================
Received Import Request.
  Time since last request: 0.028356 seconds.
  path: Assets/Course Library/Particles/FX_Fireworks_Yellow_Small.prefab
  artifactKey: Guid(6586ff0f14125534cae2f5d8f04b7871) Importer(2089858483,0ecaa5967403d082aa24f35e1b516d23)
Start importing Assets/Course Library/Particles/FX_Fireworks_Yellow_Small.prefab using Guid(6586ff0f14125534cae2f5d8f04b7871) Importer(2089858483,0ecaa5967403d082aa24f35e1b516d23)  -> (artifact id: '2da82c8c7919cf968ff7b327814a2892') in 0.041857 seconds
Number of updated asset objects reloaded before import = 0
Number of asset objects unloaded after import = 6
========================================================================
Received Import Request.
  Time since last request: 0.010710 seconds.
  path: Assets/Course Library/Particles/FX_Fireworks_Green_Large.prefab
  artifactKey: Guid(26d069e6f78e6f8478e4dc0152bd6939) Importer(2089858483,0ecaa5967403d082aa24f35e1b516d23)
Start importing Assets/Course Library/Particles/FX_Fireworks_Green_Large.prefab using Guid(26d069e6f78e6f8478e4dc0152bd6939) Importer(2089858483,0ecaa5967403d082aa24f35e1b516d23)  -> (artifact id: '2f2ba2379eb7d47bbd696f83338dff0a') in 0.029207 seconds
Number of updated asset objects reloaded before import = 0
Number of asset objects unloaded after import = 6
========================================================================
Received Import Request.
  Time since last request: 0.015374 seconds.
  path: Assets/Course Library/Animals/Dogs/Dog_Labrador_01.prefab
  artifactKey: Guid(938147f6ad7eebe4cb99d4a14cb96757) Importer(2089858483,0ecaa5967403d082aa24f35e1b516d23)
Start importing Assets/Course Library/Animals/Dogs/Dog_Labrador_01.prefab using Guid(938147f6ad7eebe4cb99d4a14cb96757) Importer(2089858483,0ecaa5967403d082aa24f35e1b516d23)  -> (artifact id: 'be71c54f7339db8a8d7af33ef3831056') in 0.019170 seconds
Number of updated asset objects reloaded before import = 0
Number of asset objects unloaded after import = 269
========================================================================
Received Import Request.
  Time since last request: 0.001867 seconds.
  path: Assets/Course Library/Particles/FX_Dust_Prefab_03.prefab
  artifactKey: Guid(1570b78163aaedc44bfd35cf13a9f13f) Importer(2089858483,0ecaa5967403d082aa24f35e1b516d23)
Start importing Assets/Course Library/Particles/FX_Dust_Prefab_03.prefab using Guid(1570b78163aaedc44bfd35cf13a9f13f) Importer(2089858483,0ecaa5967403d082aa24f35e1b516d23)  -> (artifact id: '9720fb7b66328482107b7e2662e2fd79') in 0.030838 seconds
Number of updated asset objects reloaded before import = 0
Number of asset objects unloaded after import = 6
========================================================================
Received Import Request.
  Time since last request: 0.000338 seconds.
  path: Assets/Course Library/Animals/Farm/Animal_Chick.prefab
  artifactKey: Guid(c7ca0992ba00761469f731111e56b107) Importer(2089858483,0ecaa5967403d082aa24f35e1b516d23)
Start importing Assets/Course Library/Animals/Farm/Animal_Chick.prefab using Guid(c7ca0992ba00761469f731111e56b107) Importer(2089858483,0ecaa5967403d082aa24f35e1b516d23)  -> (artifact id: '28f082f86dc99d12866d938530e79d85') in 0.006992 seconds
Number of updated asset objects reloaded before import = 0
Number of asset objects unloaded after import = 37
========================================================================
Received Import Request.
  Time since last request: 0.036565 seconds.
  path: Assets/Course Library/Particles/FX_Explosion_Rubble.prefab
  artifactKey: Guid(079954accd64b32419ec069129c81273) Importer(2089858483,0ecaa5967403d082aa24f35e1b516d23)
Start importing Assets/Course Library/Particles/FX_Explosion_Rubble.prefab using Guid(079954accd64b32419ec069129c81273) Importer(2089858483,0ecaa5967403d082aa24f35e1b516d23)  -> (artifact id: 'a1ced3725bce85829f6649ed9f97b985') in 0.027837 seconds
Number of updated asset objects reloaded before import = 0
Number of asset objects unloaded after import = 15
========================================================================
Received Import Request.
  Time since last request: 0.004035 seconds.
  path: Assets/Course Library/Characters/City/SimplePeople_Doctor_Brown.prefab
  artifactKey: Guid(f19c9246d91b3d5488c65e0539de4da2) Importer(2089858483,0ecaa5967403d082aa24f35e1b516d23)
Start importing Assets/Course Library/Characters/City/SimplePeople_Doctor_Brown.prefab using Guid(f19c9246d91b3d5488c65e0539de4da2) Importer(2089858483,0ecaa5967403d082aa24f35e1b516d23)  -> (artifact id: 'e701857ebcb7c752feb438fe497103f0') in 0.014883 seconds
Number of updated asset objects reloaded before import = 0
Number of asset objects unloaded after import = 404
========================================================================
Received Import Request.
  Time since last request: 0.005063 seconds.
  path: Assets/Course Library/Particles/FX_Dust_Prefab_02.prefab
  artifactKey: Guid(cd427f0dc853ec74a9ba1c5ff0e48ca2) Importer(2089858483,0ecaa5967403d082aa24f35e1b516d23)
Start importing Assets/Course Library/Particles/FX_Dust_Prefab_02.prefab using Guid(cd427f0dc853ec74a9ba1c5ff0e48ca2) Importer(2089858483,0ecaa5967403d082aa24f35e1b516d23)  -> (artifact id: 'bb2a1e391138d135bda06b823f63d5f9') in 0.026610 seconds
Number of updated asset objects reloaded before import = 0
Number of asset objects unloaded after import = 6
========================================================================
Received Import Request.
  Time since last request: 0.006645 seconds.
  path: Assets/TextMesh Pro/Documentation/TextMesh Pro User Guide 2016.pdf
  artifactKey: Guid(1b8d251f9af63b746bf2f7ffe00ebb9b) Importer(2089858483,0ecaa5967403d082aa24f35e1b516d23)
Start importing Assets/TextMesh Pro/Documentation/TextMesh Pro User Guide 2016.pdf using Guid(1b8d251f9af63b746bf2f7ffe00ebb9b) Importer(2089858483,0ecaa5967403d082aa24f35e1b516d23)  -> (artifact id: 'c54470d1b6c30c5c55f34b353ea3efbe') in 0.001917 seconds
Number of updated asset objects reloaded before import = 0
Number of asset objects unloaded after import = 1
========================================================================
Received Import Request.
  Time since last request: 0.006011 seconds.
  path: Assets/Course Library/Animals/Dogs/Dog_SaintBernard_01.prefab
  artifactKey: Guid(7e327461e79cb2a479e055d455c9a2fd) Importer(2089858483,0ecaa5967403d082aa24f35e1b516d23)
Start importing Assets/Course Library/Animals/Dogs/Dog_SaintBernard_01.prefab using Guid(7e327461e79cb2a479e055d455c9a2fd) Importer(2089858483,0ecaa5967403d082aa24f35e1b516d23)  -> (artifact id: '7c50a07148043bf70d039c7012c7e0c2') in 0.016713 seconds
Number of updated asset objects reloaded before import = 0
Number of asset objects unloaded after import = 269
========================================================================
Received Import Request.
  Time since last request: 0.000357 seconds.
  path: Assets/Course Library/Audio/Music/cron_audio_8-bit_modern01.ogg
  artifactKey: Guid(27404163c8cfe425e8e26c911c1acde2) Importer(2089858483,0ecaa5967403d082aa24f35e1b516d23)
Start importing Assets/Course Library/Audio/Music/cron_audio_8-bit_modern01.ogg using Guid(27404163c8cfe425e8e26c911c1acde2) Importer(2089858483,0ecaa5967403d082aa24f35e1b516d23)  -> (artifact id: 'a695ead6ea57d6feadcc6e886c940b6a') in 0.036959 seconds
Number of updated asset objects reloaded before import = 0
Number of asset objects unloaded after import = 1
========================================================================
Received Import Request.
  Time since last request: 0.000198 seconds.
  path: Assets/Course Library/Environments/Sky/SkyDome.prefab
  artifactKey: Guid(363a8f737719f4d2eafb35f885f3706f) Importer(2089858483,0ecaa5967403d082aa24f35e1b516d23)
Start importing Assets/Course Library/Environments/Sky/SkyDome.prefab using Guid(363a8f737719f4d2eafb35f885f3706f) Importer(2089858483,0ecaa5967403d082aa24f35e1b516d23)  -> (artifact id: '38eb114053d6a1faf8d438953cc09a69') in 0.003771 seconds
Number of updated asset objects reloaded before import = 0
Number of asset objects unloaded after import = 26
========================================================================
Received Import Request.
  Time since last request: 0.000209 seconds.
  path: Assets/Course Library/Fonts/Margarine/Margarine-Regular.ttf
  artifactKey: Guid(32de974c3db9e4756969d3fd9309e8e4) Importer(2089858483,0ecaa5967403d082aa24f35e1b516d23)
Start importing Assets/Course Library/Fonts/Margarine/Margarine-Regular.ttf using Guid(32de974c3db9e4756969d3fd9309e8e4) Importer(2089858483,0ecaa5967403d082aa24f35e1b516d23)  -> (artifact id: '7c335559b98896c987918c7c2939d152') in 0.010104 seconds
Number of updated asset objects reloaded before import = 0
Number of asset objects unloaded after import = 3
========================================================================
Received Import Request.
  Time since last request: 0.000535 seconds.
  path: Assets/Course Library/Environments/Backgrounds/Background_City.png
  artifactKey: Guid(3c2fe7a7d21764202adb8200047974e0) Importer(2089858483,0ecaa5967403d082aa24f35e1b516d23)
Start importing Assets/Course Library/Environments/Backgrounds/Background_City.png using Guid(3c2fe7a7d21764202adb8200047974e0) Importer(2089858483,0ecaa5967403d082aa24f35e1b516d23)  -> (artifact id: 'e30fd50a89d240a6d7a2710dddbfc4d6') in 0.011834 seconds
Number of updated asset objects reloaded before import = 0
Number of asset objects unloaded after import = 3
========================================================================
Received Import Request.
  Time since last request: 0.000461 seconds.
  path: Assets/Course Library/Characters/Farm/SimpleFarmer_FarmWrangler_Brown.prefab
  artifactKey: Guid(814f4326a50812947b2469896d89a215) Importer(2089858483,0ecaa5967403d082aa24f35e1b516d23)
Start importing Assets/Course Library/Characters/Farm/SimpleFarmer_FarmWrangler_Brown.prefab using Guid(814f4326a50812947b2469896d89a215) Importer(2089858483,0ecaa5967403d082aa24f35e1b516d23)  -> (artifact id: '381b9c4c5fc967ad55aadc29c52bd81c') in 0.013669 seconds
Number of updated asset objects reloaded before import = 0
Number of asset objects unloaded after import = 348
========================================================================
Received Import Request.
  Time since last request: 0.000088 seconds.
  path: Assets/Course Library/Environments/Ground/Ground_Tile_Cube_FloatingIsland_01.prefab
  artifactKey: Guid(c18b0566c0ca32548acca53d337698db) Importer(2089858483,0ecaa5967403d082aa24f35e1b516d23)
Start importing Assets/Course Library/Environments/Ground/Ground_Tile_Cube_FloatingIsland_01.prefab using Guid(c18b0566c0ca32548acca53d337698db) Importer(2089858483,0ecaa5967403d082aa24f35e1b516d23)  -> (artifact id: '1646412eae724eac763a626f660cf9d9') in 0.004426 seconds
Number of updated asset objects reloaded before import = 0
Number of asset objects unloaded after import = 7
========================================================================
Received Import Request.
  Time since last request: 0.000270 seconds.
  path: Assets/Course Library/Environments/Ground/Ground_Tile_Hex_Flat_01.prefab
  artifactKey: Guid(f610f1f30b970024b86dcc1a05308bc8) Importer(2089858483,0ecaa5967403d082aa24f35e1b516d23)
Start importing Assets/Course Library/Environments/Ground/Ground_Tile_Hex_Flat_01.prefab using Guid(f610f1f30b970024b86dcc1a05308bc8) Importer(2089858483,0ecaa5967403d082aa24f35e1b516d23)  -> (artifact id: '2c3b27b6aa88ccd40a6b1be14c3f4faa') in 0.005469 seconds
Number of updated asset objects reloaded before import = 0
Number of asset objects unloaded after import = 8
========================================================================
Received Import Request.
  Time since last request: 0.000257 seconds.
  path: Assets/Course Library/Characters/Farm/SimpleFarmer_Wife_White.prefab
  artifactKey: Guid(3cf7f489270aac84fb12901330960a5b) Importer(2089858483,0ecaa5967403d082aa24f35e1b516d23)
Start importing Assets/Course Library/Characters/Farm/SimpleFarmer_Wife_White.prefab using Guid(3cf7f489270aac84fb12901330960a5b) Importer(2089858483,0ecaa5967403d082aa24f35e1b516d23)  -> (artifact id: 'd22ae1f7b563943a803e2d077a101f7f') in 0.014152 seconds
Number of updated asset objects reloaded before import = 0
Number of asset objects unloaded after import = 348
========================================================================
Received Import Request.
  Time since last request: 0.000039 seconds.
  path: Assets/Course Library/Characters/Farm/SimpleFarmer_FarmWrangler_Black.prefab
  artifactKey: Guid(fc01a3bb589cebc4aa10892db165243b) Importer(2089858483,0ecaa5967403d082aa24f35e1b516d23)
Start importing Assets/Course Library/Characters/Farm/SimpleFarmer_FarmWrangler_Black.prefab using Guid(fc01a3bb589cebc4aa10892db165243b) Importer(2089858483,0ecaa5967403d082aa24f35e1b516d23)  -> (artifact id: '0b9f8409c28fd8c3178b8d2c83b6c33c') in 0.015024 seconds
Number of updated asset objects reloaded before import = 0
Number of asset objects unloaded after import = 348
========================================================================
Received Import Request.
  Time since last request: 0.000035 seconds.
  path: Assets/Course Library/Fonts/Margarine/Margarine-Regular SDF.asset
  artifactKey: Guid(ff9dfb9dcfa9b451da0749c3d2b449a9) Importer(2089858483,0ecaa5967403d082aa24f35e1b516d23)
Start importing Assets/Course Library/Fonts/Margarine/Margarine-Regular SDF.asset using Guid(ff9dfb9dcfa9b451da0749c3d2b449a9) Importer(2089858483,0ecaa5967403d082aa24f35e1b516d23)  -> (artifact id: 'd6f3f70f6a961b3fdb0df2d290c83602') in 0.021531 seconds
Number of updated asset objects reloaded before import = 0
Number of asset objects unloaded after import = 3
========================================================================
Received Import Request.
  Time since last request: 0.000116 seconds.
  path: Assets/TextMesh Pro/Sprites/EmojiOne Attribution.txt
  artifactKey: Guid(381dcb09d5029d14897e55f98031fca5) Importer(2089858483,0ecaa5967403d082aa24f35e1b516d23)
Start importing Assets/TextMesh Pro/Sprites/EmojiOne Attribution.txt using Guid(381dcb09d5029d14897e55f98031fca5) Importer(2089858483,0ecaa5967403d082aa24f35e1b516d23)  -> (artifact id: 'df766858c2c4167997364128934569aa') in 0.001568 seconds
Number of updated asset objects reloaded before import = 0
Number of asset objects unloaded after import = 1
========================================================================
Received Import Request.
  Time since last request: 0.000111 seconds.
  path: Assets/Course Library/Characters/City/SimplePeople_RoadWorker_White.prefab
  artifactKey: Guid(0703a1849c2c89b4db4568688faf0c5f) Importer(2089858483,0ecaa5967403d082aa24f35e1b516d23)
Start importing Assets/Course Library/Characters/City/SimplePeople_RoadWorker_White.prefab using Guid(0703a1849c2c89b4db4568688faf0c5f) Importer(2089858483,0ecaa5967403d082aa24f35e1b516d23)  -> (artifact id: 'f810e3f28636c094aa58a2d56e5fa4f4') in 0.014935 seconds
Number of updated asset objects reloaded before import = 0
Number of asset objects unloaded after import = 404
========================================================================
Received Import Request.
  Time since last request: 0.000034 seconds.
  path: Assets/Course Library/Animals/Forest/Animal_Doe_01.prefab
  artifactKey: Guid(06aceaf909fec8f4081af49b1eea892e) Importer(2089858483,0ecaa5967403d082aa24f35e1b516d23)
Start importing Assets/Course Library/Animals/Forest/Animal_Doe_01.prefab using Guid(06aceaf909fec8f4081af49b1eea892e) Importer(2089858483,0ecaa5967403d082aa24f35e1b516d23)  -> (artifact id: '2ccbe345114d8e68c0aaf66ddd0eb3ec') in 0.005595 seconds
Number of updated asset objects reloaded before import = 0
Number of asset objects unloaded after import = 57
========================================================================
Received Import Request.
  Time since last request: 0.000118 seconds.
  path: Assets/TextMesh Pro/Shaders/TMP_SDF-Mobile Masking.shader
  artifactKey: Guid(bc1ede39bf3643ee8e493720e4259791) Importer(2089858483,0ecaa5967403d082aa24f35e1b516d23)
Start importing Assets/TextMesh Pro/Shaders/TMP_SDF-Mobile Masking.shader using Guid(bc1ede39bf3643ee8e493720e4259791) Importer(2089858483,0ecaa5967403d082aa24f35e1b516d23)  -> (artifact id: '6be0706cab37c4d6dbf0f383ac9be682') in 0.003968 seconds
Number of updated asset objects reloaded before import = 0
Number of asset objects unloaded after import = 1
========================================================================
Received Import Request.
  Time since last request: 0.000643 seconds.
  path: Assets/Course Library/Animals/Farm/Animal_Horse_Brown.prefab
  artifactKey: Guid(68a45bf17ac566545b70a13c90a7ee65) Importer(2089858483,0ecaa5967403d082aa24f35e1b516d23)
Start importing Assets/Course Library/Animals/Farm/Animal_Horse_Brown.prefab using Guid(68a45bf17ac566545b70a13c90a7ee65) Importer(2089858483,0ecaa5967403d082aa24f35e1b516d23)  -> (artifact id: '956c0836bd8e51bf3d4940a5cc31224e') in 0.008244 seconds
Number of updated asset objects reloaded before import = 0
Number of asset objects unloaded after import = 123
========================================================================
Received Import Request.
  Time since last request: 0.000034 seconds.
  path: Assets/Course Library/Audio/Music/cron_audio_8-bit_modern03.ogg
  artifactKey: Guid(6a18b0f0ad4184306ab380a48ebc3832) Importer(2089858483,0ecaa5967403d082aa24f35e1b516d23)
Start importing Assets/Course Library/Audio/Music/cron_audio_8-bit_modern03.ogg using Guid(6a18b0f0ad4184306ab380a48ebc3832) Importer(2089858483,0ecaa5967403d082aa24f35e1b516d23)  -> (artifact id: '3e21f74a37098732c2f43890e2f64bd0') in 0.032300 seconds
Number of updated asset objects reloaded before import = 0
Number of asset objects unloaded after import = 1
========================================================================
Received Import Request.
  Time since last request: 0.000041 seconds.
  path: Assets/Course Library/Fonts/Indie_Flower/OFL.txt
  artifactKey: Guid(6900278b2a267473895330b128e55fb0) Importer(2089858483,0ecaa5967403d082aa24f35e1b516d23)
Start importing Assets/Course Library/Fonts/Indie_Flower/OFL.txt using Guid(6900278b2a267473895330b128e55fb0) Importer(2089858483,0ecaa5967403d082aa24f35e1b516d23)  -> (artifact id: '69785335296a538a3395bb3b0dd6d459') in 0.001438 seconds
Number of updated asset objects reloaded before import = 0
Number of asset objects unloaded after import = 1
========================================================================
Received Import Request.
  Time since last request: 0.000064 seconds.
  path: Assets/TextMesh Pro/Shaders/TMP_SDF Overlay.shader
  artifactKey: Guid(dd89cf5b9246416f84610a006f916af7) Importer(2089858483,0ecaa5967403d082aa24f35e1b516d23)
Start importing Assets/TextMesh Pro/Shaders/TMP_SDF Overlay.shader using Guid(dd89cf5b9246416f84610a006f916af7) Importer(2089858483,0ecaa5967403d082aa24f35e1b516d23)  -> (artifact id: '2960802fa6fbb6fe0ac17cbd3f6507bf') in 0.003575 seconds
Number of updated asset objects reloaded before import = 0
Number of asset objects unloaded after import = 1
========================================================================
Received Import Request.
  Time since last request: 0.000118 seconds.
  path: Assets/TextMesh Pro/Shaders/TMP_SDF-Mobile.shader
  artifactKey: Guid(fe393ace9b354375a9cb14cdbbc28be4) Importer(2089858483,0ecaa5967403d082aa24f35e1b516d23)
Start importing Assets/TextMesh Pro/Shaders/TMP_SDF-Mobile.shader using Guid(fe393ace9b354375a9cb14cdbbc28be4) Importer(2089858483,0ecaa5967403d082aa24f35e1b516d23)  -> (artifact id: 'cc1d81f0cd7caed95f0f2c0f73c82358') in 0.003706 seconds
Number of updated asset objects reloaded before import = 0
Number of asset objects unloaded after import = 1
========================================================================
Received Import Request.
  Time since last request: 0.000168 seconds.
  path: Assets/Course Library/Particles/FX_FlameThrower.prefab
  artifactKey: Guid(5cd5599e01f32bd418f20a3b9eac1c57) Importer(2089858483,0ecaa5967403d082aa24f35e1b516d23)
Start importing Assets/Course Library/Particles/FX_FlameThrower.prefab using Guid(5cd5599e01f32bd418f20a3b9eac1c57) Importer(2089858483,0ecaa5967403d082aa24f35e1b516d23)  -> (artifact id: '66948e54e69c45cbe5a6374675766607') in 0.026908 seconds
Number of updated asset objects reloaded before import = 0
Number of asset objects unloaded after import = 6
========================================================================
Received Import Request.
  Time since last request: 0.000073 seconds.
  path: Assets/TextMesh Pro/Resources/TMP Settings.asset
  artifactKey: Guid(3f5b5dff67a942289a9defa416b206f3) Importer(2089858483,0ecaa5967403d082aa24f35e1b516d23)
Start importing Assets/TextMesh Pro/Resources/TMP Settings.asset using Guid(3f5b5dff67a942289a9defa416b206f3) Importer(2089858483,0ecaa5967403d082aa24f35e1b516d23)  -> (artifact id: 'ef17d5bebdf3a9191e3b677cfb400308') in 0.018682 seconds
Number of updated asset objects reloaded before import = 0
Number of asset objects unloaded after import = 15
========================================================================
Received Import Request.
  Time since last request: 0.000029 seconds.
  path: Assets/Course Library/Characters/City/SimplePeople_Punk_White.prefab
  artifactKey: Guid(f147a01ef442b2345a3546109476c690) Importer(2089858483,0ecaa5967403d082aa24f35e1b516d23)
Start importing Assets/Course Library/Characters/City/SimplePeople_Punk_White.prefab using Guid(f147a01ef442b2345a3546109476c690) Importer(2089858483,0ecaa5967403d082aa24f35e1b516d23)  -> (artifact id: '06de8f0dccc3cedbec8970475a60c318') in 0.013917 seconds
Number of updated asset objects reloaded before import = 0
Number of asset objects unloaded after import = 404
========================================================================
Received Import Request.
  Time since last request: 0.000035 seconds.
  path: Assets/Course Library/Characters/Farm/SimpleFarmer_Black.prefab
  artifactKey: Guid(f8abbdd178867d2419ba9feb6ff2cba0) Importer(2089858483,0ecaa5967403d082aa24f35e1b516d23)
Start importing Assets/Course Library/Characters/Farm/SimpleFarmer_Black.prefab using Guid(f8abbdd178867d2419ba9feb6ff2cba0) Importer(2089858483,0ecaa5967403d082aa24f35e1b516d23)  -> (artifact id: 'd75fa3415466cc7eeaf0f9397cec5dfe') in 0.014561 seconds
Number of updated asset objects reloaded before import = 0
Number of asset objects unloaded after import = 348
========================================================================
Received Import Request.
  Time since last request: 0.000029 seconds.
  path: Assets/Scripts/MoveForward1.cs
  artifactKey: Guid(d776268b4c3a3423c9273548c273437a) Importer(2089858483,0ecaa5967403d082aa24f35e1b516d23)
Start importing Assets/Scripts/MoveForward1.cs using Guid(d776268b4c3a3423c9273548c273437a) Importer(2089858483,0ecaa5967403d082aa24f35e1b516d23)  -> (artifact id: '1451bce842b72abfaa4723ba505eff97') in 0.002011 seconds
Number of updated asset objects reloaded before import = 0
Number of asset objects unloaded after import = 1
========================================================================
Received Import Request.
  Time since last request: 0.000082 seconds.
  path: Assets/TextMesh Pro/Shaders/TMP_SDF SSD.shader
  artifactKey: Guid(14eb328de4b8eb245bb7cea29e4ac00b) Importer(2089858483,0ecaa5967403d082aa24f35e1b516d23)
Start importing Assets/TextMesh Pro/Shaders/TMP_SDF SSD.shader using Guid(14eb328de4b8eb245bb7cea29e4ac00b) Importer(2089858483,0ecaa5967403d082aa24f35e1b516d23)  -> (artifact id: 'ef4e656c23a480b69d6ecbbcc7e6d35e') in 0.003701 seconds
Number of updated asset objects reloaded before import = 0
Number of asset objects unloaded after import = 1
========================================================================
Received Import Request.
  Time since last request: 0.000160 seconds.
  path: Assets/Course Library/Characters/Farm/SimpleFarmer_White.prefab
  artifactKey: Guid(3bd8a450fcb589542a7843ea7bda2ee6) Importer(2089858483,0ecaa5967403d082aa24f35e1b516d23)
Start importing Assets/Course Library/Characters/Farm/SimpleFarmer_White.prefab using Guid(3bd8a450fcb589542a7843ea7bda2ee6) Importer(2089858483,0ecaa5967403d082aa24f35e1b516d23)  -> (artifact id: 'ef3b319479236a35b17a17ce4d2c299c') in 0.013781 seconds
Number of updated asset objects reloaded before import = 0
Number of asset objects unloaded after import = 348
========================================================================
Received Import Request.
  Time since last request: 0.000046 seconds.
  path: Assets/Course Library/Animals/Dogs/Dog_RhodesianRidgeback_01.prefab
  artifactKey: Guid(957efc93c4488964582c89c0bf939bf0) Importer(2089858483,0ecaa5967403d082aa24f35e1b516d23)
Start importing Assets/Course Library/Animals/Dogs/Dog_RhodesianRidgeback_01.prefab using Guid(957efc93c4488964582c89c0bf939bf0) Importer(2089858483,0ecaa5967403d082aa24f35e1b516d23)  -> (artifact id: '263d5792f3de0863581591802d7a54f8') in 0.015162 seconds
Number of updated asset objects reloaded before import = 0
Number of asset objects unloaded after import = 269
========================================================================
Received Import Request.
  Time since last request: 0.000078 seconds.
  path: Assets/Course Library/Characters/City/SimplePeople_Waitress_White.prefab
  artifactKey: Guid(fe520ce6663e67348a964bf7b4318e26) Importer(2089858483,0ecaa5967403d082aa24f35e1b516d23)
Start importing Assets/Course Library/Characters/City/SimplePeople_Waitress_White.prefab using Guid(fe520ce6663e67348a964bf7b4318e26) Importer(2089858483,0ecaa5967403d082aa24f35e1b516d23)  -> (artifact id: '62c903b3528fbf60031a1415fe33e5fa') in 0.016225 seconds
Number of updated asset objects reloaded before import = 0
Number of asset objects unloaded after import = 404
========================================================================
Received Import Request.
  Time since last request: 0.000031 seconds.
  path: Assets/Scripts/FollowCamera.cs
  artifactKey: Guid(b2b64d40ea2c24f14bdfe47dd8ce1d56) Importer(2089858483,0ecaa5967403d082aa24f35e1b516d23)
Start importing Assets/Scripts/FollowCamera.cs using Guid(b2b64d40ea2c24f14bdfe47dd8ce1d56) Importer(2089858483,0ecaa5967403d082aa24f35e1b516d23)  -> (artifact id: 'd2d42f0571301802474553a01d188c04') in 0.001889 seconds
Number of updated asset objects reloaded before import = 0
Number of asset objects unloaded after import = 1
========================================================================
Received Import Request.
  Time since last request: 0.000046 seconds.
  path: Assets/Course Library/Animals/Forest/Animal_Stag_01.prefab
  artifactKey: Guid(ff249e9534924c744bdfa6a3d2d1746c) Importer(2089858483,0ecaa5967403d082aa24f35e1b516d23)
Start importing Assets/Course Library/Animals/Forest/Animal_Stag_01.prefab using Guid(ff249e9534924c744bdfa6a3d2d1746c) Importer(2089858483,0ecaa5967403d082aa24f35e1b516d23)  -> (artifact id: '70fa4416b907d9dcc020a257d2cfaf45') in 0.006025 seconds
Number of updated asset objects reloaded before import = 0
Number of asset objects unloaded after import = 57
========================================================================
Received Import Request.
  Time since last request: 0.000027 seconds.
  path: Assets/Course Library/Environments/Sky/MountainSkybox.prefab
  artifactKey: Guid(5f0963a629b97442587b7f3ece766e42) Importer(2089858483,0ecaa5967403d082aa24f35e1b516d23)
Start importing Assets/Course Library/Environments/Sky/MountainSkybox.prefab using Guid(5f0963a629b97442587b7f3ece766e42) Importer(2089858483,0ecaa5967403d082aa24f35e1b516d23)  -> (artifact id: '1a197e90ed4dc9ca1ad6b713619699e2') in 0.003517 seconds
Number of updated asset objects reloaded before import = 0
Number of asset objects unloaded after import = 7
========================================================================
Received Import Request.
  Time since last request: 0.000131 seconds.
  path: Assets/Course Library/Animals/Farm/Animal_Rooster_Brown.prefab
  artifactKey: Guid(3fe800c166ae0d04881a20247bde736d) Importer(2089858483,0ecaa5967403d082aa24f35e1b516d23)
Start importing Assets/Course Library/Animals/Farm/Animal_Rooster_Brown.prefab using Guid(3fe800c166ae0d04881a20247bde736d) Importer(2089858483,0ecaa5967403d082aa24f35e1b516d23)  -> (artifact id: '2ec344a7adfe4bae005f2388dfbdf197') in 0.004543 seconds
Number of updated asset objects reloaded before import = 0
Number of asset objects unloaded after import = 83
========================================================================
Received Import Request.
  Time since last request: 0.000026 seconds.
  path: Assets/Course Library/Fonts/Indie_Flower/IndieFlower.ttf
  artifactKey: Guid(1e2dedf0209f94b3a970377b23a013a9) Importer(2089858483,0ecaa5967403d082aa24f35e1b516d23)
Start importing Assets/Course Library/Fonts/Indie_Flower/IndieFlower.ttf using Guid(1e2dedf0209f94b3a970377b23a013a9) Importer(2089858483,0ecaa5967403d082aa24f35e1b516d23)  -> (artifact id: '4ed716712846f4c3631bee151bb9efc1') in 0.005260 seconds
Number of updated asset objects reloaded before import = 0
Number of asset objects unloaded after import = 3
========================================================================
Received Import Request.
  Time since last request: 0.000043 seconds.
  path: Assets/Scripts/SpawnManager.cs
  artifactKey: Guid(c3e20d02850234528932e544090566d7) Importer(2089858483,0ecaa5967403d082aa24f35e1b516d23)
Start importing Assets/Scripts/SpawnManager.cs using Guid(c3e20d02850234528932e544090566d7) Importer(2089858483,0ecaa5967403d082aa24f35e1b516d23)  -> (artifact id: '2caa51d0e86dad4ca839fa48b4373a3e') in 0.001576 seconds
Number of updated asset objects reloaded before import = 0
Number of asset objects unloaded after import = 1
========================================================================
Received Import Request.
  Time since last request: 0.000047 seconds.
  path: Assets/Course Library/Particles/FX_Dust_Blowing_01.prefab
  artifactKey: Guid(3fd5555088952419ebf0eb82e9096fa5) Importer(2089858483,0ecaa5967403d082aa24f35e1b516d23)
Start importing Assets/Course Library/Particles/FX_Dust_Blowing_01.prefab using Guid(3fd5555088952419ebf0eb82e9096fa5) Importer(2089858483,0ecaa5967403d082aa24f35e1b516d23)  -> (artifact id: '80fd37d69ebb4d0350b435aeb5c0f8ee') in 0.026321 seconds
Number of updated asset objects reloaded before import = 0
Number of asset objects unloaded after import = 6
========================================================================
Received Import Request.
  Time since last request: 0.000030 seconds.
  path: Assets/Course Library/Characters/Farm/SimpleFarmer_Wife_Black.prefab
  artifactKey: Guid(2af1fa464b69e4c4cb1a408373c7d971) Importer(2089858483,0ecaa5967403d082aa24f35e1b516d23)
Start importing Assets/Course Library/Characters/Farm/SimpleFarmer_Wife_Black.prefab using Guid(2af1fa464b69e4c4cb1a408373c7d971) Importer(2089858483,0ecaa5967403d082aa24f35e1b516d23)  -> (artifact id: '268fe362cf5cbadf754cd636f5c16ada') in 0.013641 seconds
Number of updated asset objects reloaded before import = 0
Number of asset objects unloaded after import = 348
========================================================================
Received Import Request.
  Time since last request: 0.000031 seconds.
  path: Assets/Scripts/PlayerController.cs
  artifactKey: Guid(68062c25d9d6f4b43a0fbc9859ba63d8) Importer(2089858483,0ecaa5967403d082aa24f35e1b516d23)
Start importing Assets/Scripts/PlayerController.cs using Guid(68062c25d9d6f4b43a0fbc9859ba63d8) Importer(2089858483,0ecaa5967403d082aa24f35e1b516d23)  -> (artifact id: '0cb36c2363337a7d3a2bafd2acdd7ead') in 0.001987 seconds
Number of updated asset objects reloaded before import = 0
Number of asset objects unloaded after import = 1
========================================================================
Received Import Request.
  Time since last request: 0.000079 seconds.
  path: Assets/Course Library/Fonts/Indie_Flower/IndieFlower SDF.asset
  artifactKey: Guid(8abe1e37fe7bf433896970245b936749) Importer(2089858483,0ecaa5967403d082aa24f35e1b516d23)
Start importing Assets/Course Library/Fonts/Indie_Flower/IndieFlower SDF.asset using Guid(8abe1e37fe7bf433896970245b936749) Importer(2089858483,0ecaa5967403d082aa24f35e1b516d23) Upgrading font asset [IndieFlower SDF] to version 1.1.0.
UnityEngine.StackTraceUtility:ExtractStackTrace () (at /Users/bokken/build/output/unity/unity/Runtime/Export/Scripting/StackTrace.cs:37)
UnityEngine.DebugLogHandler:LogFormat (UnityEngine.LogType,UnityEngine.Object,string,object[])
UnityEngine.Logger:Log (UnityEngine.LogType,object,UnityEngine.Object)
UnityEngine.Debug:Log (object,UnityEngine.Object)
TMPro.TMP_FontAsset:UpgradeFontAsset () (at ./Library/PackageCache/com.unity.textmeshpro@3.0.6/Scripts/Runtime/TMP_FontAsset.cs:2865)
TMPro.TMP_FontAsset:ReadFontAssetDefinition () (at ./Library/PackageCache/com.unity.textmeshpro@3.0.6/Scripts/Runtime/TMP_FontAsset.cs:569)
TMPro.TMP_FontAsset:OnValidate () (at ./Library/PackageCache/com.unity.textmeshpro@3.0.6/Scripts/Runtime/TMP_FontAsset.cs:555)
UnityEditor.Search.AssetIndexer:IndexProperties (int&,string&,bool&) (at /Users/bokken/build/output/unity/unity/Modules/QuickSearch/Editor/Indexing/AssetIndexer.cs:277)
UnityEditor.Search.AssetIndexer:IndexDocument (string,bool) (at /Users/bokken/build/output/unity/unity/Modules/QuickSearch/Editor/Indexing/AssetIndexer.cs:214)
UnityEditor.Search.SearchIndexEntryImporter:OnImportAsset (UnityEditor.AssetImporters.AssetImportContext) (at /Users/bokken/build/output/unity/unity/Modules/QuickSearch/Editor/Indexing/SearchIndexEntryImporter.cs:59)
UnityEditor.AssetImporters.ScriptedImporter:GenerateAssetData (UnityEditor.AssetImporters.AssetImportContext) (at /Users/bokken/build/output/unity/unity/Modules/AssetPipelineEditor/Public/ScriptedImporter.cs:25)

(Filename: ./Library/PackageCache/com.unity.textmeshpro@3.0.6/Scripts/Runtime/TMP_FontAsset.cs Line: 2865)

 -> (artifact id: 'cf88b3259568bcc001ba6a1301c99fc7') in 0.013303 seconds
Number of updated asset objects reloaded before import = 0
Number of asset objects unloaded after import = 3
========================================================================
Received Import Request.
  Time since last request: 0.000045 seconds.
  path: Assets/Course Library/Environments/Backgrounds/Background_Town.png
  artifactKey: Guid(4d32b1211ea4642f6bfbd25e47fd444d) Importer(2089858483,0ecaa5967403d082aa24f35e1b516d23)
Start importing Assets/Course Library/Environments/Backgrounds/Background_Town.png using Guid(4d32b1211ea4642f6bfbd25e47fd444d) Importer(2089858483,0ecaa5967403d082aa24f35e1b516d23)  -> (artifact id: '1b81d349bc89a0d6c60a59e28cbe5110') in 0.010582 seconds
Number of updated asset objects reloaded before import = 0
Number of asset objects unloaded after import = 3
========================================================================
Received Import Request.
  Time since last request: 0.000164 seconds.
  path: Assets/Resources/BillingMode.json
  artifactKey: Guid(64dca8ad3f8d040238fcdb6dd4caff6f) Importer(2089858483,0ecaa5967403d082aa24f35e1b516d23)
Start importing Assets/Resources/BillingMode.json using Guid(64dca8ad3f8d040238fcdb6dd4caff6f) Importer(2089858483,0ecaa5967403d082aa24f35e1b516d23)  -> (artifact id: '33c9736b8968b4d6d1fd963a4965b8df') in 0.001494 seconds
Number of updated asset objects reloaded before import = 0
Number of asset objects unloaded after import = 1
========================================================================
Received Import Request.
  Time since last request: 0.000054 seconds.
  path: Assets/Course Library/Animals/Forest/Animal_Moose_02.prefab
  artifactKey: Guid(02eca77e7e6a2ec41ba4c68f20e26098) Importer(2089858483,0ecaa5967403d082aa24f35e1b516d23)
Start importing Assets/Course Library/Animals/Forest/Animal_Moose_02.prefab using Guid(02eca77e7e6a2ec41ba4c68f20e26098) Importer(2089858483,0ecaa5967403d082aa24f35e1b516d23)  -> (artifact id: 'b99f5beaadfd7a37bfc17e285325b663') in 0.005890 seconds
Number of updated asset objects reloaded before import = 0
Number of asset objects unloaded after import = 57
========================================================================
Received Import Request.
  Time since last request: 0.000028 seconds.
  path: Assets/Course Library/Audio/Music/cron_audio_8-bit_retro01.ogg
  artifactKey: Guid(0d60be2280dc244908dd843c81666b11) Importer(2089858483,0ecaa5967403d082aa24f35e1b516d23)
Start importing Assets/Course Library/Audio/Music/cron_audio_8-bit_retro01.ogg using Guid(0d60be2280dc244908dd843c81666b11) Importer(2089858483,0ecaa5967403d082aa24f35e1b516d23)  -> (artifact id: 'ac9f4016b4e6827addaafaf582c51900') in 0.034979 seconds
Number of updated asset objects reloaded before import = 0
Number of asset objects unloaded after import = 1
========================================================================
Received Import Request.
  Time since last request: 0.000053 seconds.
  path: Assets/Course Library/Characters/City/SimplePeople_Waitress_Black.prefab
  artifactKey: Guid(20847b8e912bc604b99e748a676d067b) Importer(2089858483,0ecaa5967403d082aa24f35e1b516d23)
Start importing Assets/Course Library/Characters/City/SimplePeople_Waitress_Black.prefab using Guid(20847b8e912bc604b99e748a676d067b) Importer(2089858483,0ecaa5967403d082aa24f35e1b516d23)  -> (artifact id: '77f1a7ab668ab66b89594b27e37a9cbc') in 0.014002 seconds
Number of updated asset objects reloaded before import = 0
Number of asset objects unloaded after import = 404
========================================================================
Received Import Request.
  Time since last request: 0.000033 seconds.
  path: Assets/TextMesh Pro/Shaders/TMP_SDF.shader
  artifactKey: Guid(68e6db2ebdc24f95958faec2be5558d6) Importer(2089858483,0ecaa5967403d082aa24f35e1b516d23)
Start importing Assets/TextMesh Pro/Shaders/TMP_SDF.shader using Guid(68e6db2ebdc24f95958faec2be5558d6) Importer(2089858483,0ecaa5967403d082aa24f35e1b516d23)  -> (artifact id: '552f77025ffe99ca4b4b68e41e4c2392') in 0.004711 seconds
Number of updated asset objects reloaded before import = 0
Number of asset objects unloaded after import = 1
========================================================================
Received Import Request.
  Time since last request: 0.000193 seconds.
  path: Assets/Course Library/Particles/FX_DirtSplatter.prefab
  artifactKey: Guid(834c99069a124aa439d5795c3579843b) Importer(2089858483,0ecaa5967403d082aa24f35e1b516d23)
Start importing Assets/Course Library/Particles/FX_DirtSplatter.prefab using Guid(834c99069a124aa439d5795c3579843b) Importer(2089858483,0ecaa5967403d082aa24f35e1b516d23)  -> (artifact id: 'e74314d48f9c8986e1baa20dae341641') in 0.026774 seconds
Number of updated asset objects reloaded before import = 0
Number of asset objects unloaded after import = 6
========================================================================
Received Import Request.
  Time since last request: 0.000354 seconds.
  path: Assets/Course Library/_Source_Files/FBX/Animations.fbx
  artifactKey: Guid(d55a3dafe23105e409ee70d6605cbd49) Importer(2089858483,0ecaa5967403d082aa24f35e1b516d23)
Start importing Assets/Course Library/_Source_Files/FBX/Animations.fbx using Guid(d55a3dafe23105e409ee70d6605cbd49) Importer(2089858483,0ecaa5967403d082aa24f35e1b516d23)  -> (artifact id: '76cb15da4229e547ad766cad1e521b84') in 0.168227 seconds
Number of updated asset objects reloaded before import = 0
Number of asset objects unloaded after import = 79
========================================================================
Received Import Request.
  Time since last request: 0.000822 seconds.
  path: Assets/Course Library/Objects/Props/FieldGunRound_01.prefab
  artifactKey: Guid(f127d05270a025740aac64185803fd55) Importer(2089858483,0ecaa5967403d082aa24f35e1b516d23)
Start importing Assets/Course Library/Objects/Props/FieldGunRound_01.prefab using Guid(f127d05270a025740aac64185803fd55) Importer(2089858483,0ecaa5967403d082aa24f35e1b516d23)  -> (artifact id: 'bf212480dfb70804949d39c2c29c2bcc') in 0.004857 seconds
Number of updated asset objects reloaded before import = 0
Number of asset objects unloaded after import = 7
========================================================================
Received Import Request.
  Time since last request: 0.000250 seconds.
  path: Assets/Course Library/Vehicles/Cars/Veh_Van_Green_Z.prefab
  artifactKey: Guid(68840c673a0b18e41a044ed077548d55) Importer(2089858483,0ecaa5967403d082aa24f35e1b516d23)
Start importing Assets/Course Library/Vehicles/Cars/Veh_Van_Green_Z.prefab using Guid(68840c673a0b18e41a044ed077548d55) Importer(2089858483,0ecaa5967403d082aa24f35e1b516d23)  -> (artifact id: 'dc506f61a3dd96a814636159104f862d') in 0.005564 seconds
Number of updated asset objects reloaded before import = 0
Number of asset objects unloaded after import = 27
========================================================================
Received Import Request.
  Time since last request: 0.000029 seconds.
  path: Assets/Course Library/Textures/Abstract/PolygonPrototype_Texture_Grid_05.png
  artifactKey: Guid(8634f8cf5ba74134c972fb2d36355077) Importer(2089858483,0ecaa5967403d082aa24f35e1b516d23)
Start importing Assets/Course Library/Textures/Abstract/PolygonPrototype_Texture_Grid_05.png using Guid(8634f8cf5ba74134c972fb2d36355077) Importer(2089858483,0ecaa5967403d082aa24f35e1b516d23)  -> (artifact id: '9f3912decec01e7637693380a4550f42') in 0.008380 seconds
Number of updated asset objects reloaded before import = 0
Number of asset objects unloaded after import = 1
========================================================================
Received Import Request.
  Time since last request: 0.000049 seconds.
  path: Assets/Course Library/Objects/Pickups/DollarSign.prefab
  artifactKey: Guid(a8a06204dcfa9784b86eba87c2e0a1a2) Importer(2089858483,0ecaa5967403d082aa24f35e1b516d23)
Start importing Assets/Course Library/Objects/Pickups/DollarSign.prefab using Guid(a8a06204dcfa9784b86eba87c2e0a1a2) Importer(2089858483,0ecaa5967403d082aa24f35e1b516d23)  -> (artifact id: 'd9c32cea837234894e00130cf0858a00') in 0.004544 seconds
Number of updated asset objects reloaded before import = 0
Number of asset objects unloaded after import = 7
========================================================================
Received Import Request.
  Time since last request: 0.000074 seconds.
  path: Assets/Course Library/Objects/Obstacles/Crate_01.prefab
  artifactKey: Guid(71782582b9d2cac4cba5251a3b767d13) Importer(2089858483,0ecaa5967403d082aa24f35e1b516d23)
Start importing Assets/Course Library/Objects/Obstacles/Crate_01.prefab using Guid(71782582b9d2cac4cba5251a3b767d13) Importer(2089858483,0ecaa5967403d082aa24f35e1b516d23)  -> (artifact id: 'f7ba06598a262a7297a3fb87afc572a3') in 0.003887 seconds
Number of updated asset objects reloaded before import = 0
Number of asset objects unloaded after import = 7
========================================================================
Received Import Request.
  Time since last request: 0.000382 seconds.
  path: Assets/Course Library/_Source_Files/FBX/Animations_IK.fbx
  artifactKey: Guid(6e4b26fde7f77c046bed3bb532de26f1) Importer(2089858483,0ecaa5967403d082aa24f35e1b516d23)
Start importing Assets/Course Library/_Source_Files/FBX/Animations_IK.fbx using Guid(6e4b26fde7f77c046bed3bb532de26f1) Importer(2089858483,0ecaa5967403d082aa24f35e1b516d23)  -> (artifact id: '2825e5a55a9ee53ed1cc719a7343dfc2') in 0.094997 seconds
Number of updated asset objects reloaded before import = 0
Number of asset objects unloaded after import = 67
========================================================================
Received Import Request.
  Time since last request: 0.000036 seconds.
  path: Assets/Course Library/Objects/Indicators/SelectionRing_02.prefab
  artifactKey: Guid(923deea38dc6a8843b15db7638919c1e) Importer(2089858483,0ecaa5967403d082aa24f35e1b516d23)
Start importing Assets/Course Library/Objects/Indicators/SelectionRing_02.prefab using Guid(923deea38dc6a8843b15db7638919c1e) Importer(2089858483,0ecaa5967403d082aa24f35e1b516d23)  -> (artifact id: '587108962d2e1c4fd701548aa4fc6b71') in 0.003778 seconds
Number of updated asset objects reloaded before import = 0
Number of asset objects unloaded after import = 7
========================================================================
Received Import Request.
  Time since last request: 0.000034 seconds.
  path: Assets/Course Library/Objects/Obstacles/Prop_Barrier03.prefab
  artifactKey: Guid(84a102c1bf03d0a43bd4b342185c2811) Importer(2089858483,0ecaa5967403d082aa24f35e1b516d23)
Start importing Assets/Course Library/Objects/Obstacles/Prop_Barrier03.prefab using Guid(84a102c1bf03d0a43bd4b342185c2811) Importer(2089858483,0ecaa5967403d082aa24f35e1b516d23)  -> (artifact id: 'f0e2ce4fbff2aa964b34377ed612527d') in 0.003344 seconds
Number of updated asset objects reloaded before import = 0
Number of asset objects unloaded after import = 9
========================================================================
Received Import Request.
  Time since last request: 0.000056 seconds.
  path: Assets/Course Library/Objects/Obstacles/Prop_Spool_02.prefab
  artifactKey: Guid(3daef342e8f3f9548b04424eac7d4d0d) Importer(2089858483,0ecaa5967403d082aa24f35e1b516d23)
Start importing Assets/Course Library/Objects/Obstacles/Prop_Spool_02.prefab using Guid(3daef342e8f3f9548b04424eac7d4d0d) Importer(2089858483,0ecaa5967403d082aa24f35e1b516d23)  -> (artifact id: 'd5a28c6c7228b5a5df1139c510ff05f3') in 0.003306 seconds
Number of updated asset objects reloaded before import = 0
Number of asset objects unloaded after import = 7
========================================================================
Received Import Request.
  Time since last request: 0.000026 seconds.
  path: Assets/Course Library/Vehicles/Planes/Veh_Small_Heli_01.prefab
  artifactKey: Guid(670c6e451250ee7448bb1a36fb0e6647) Importer(2089858483,0ecaa5967403d082aa24f35e1b516d23)
Start importing Assets/Course Library/Vehicles/Planes/Veh_Small_Heli_01.prefab using Guid(670c6e451250ee7448bb1a36fb0e6647) Importer(2089858483,0ecaa5967403d082aa24f35e1b516d23)  -> (artifact id: '64acbb86b46fda5fda1dd3c7b686f2f0') in 0.003572 seconds
Number of updated asset objects reloaded before import = 0
Number of asset objects unloaded after import = 17
========================================================================
Received Import Request.
  Time since last request: 0.000024 seconds.
  path: Assets/Course Library/Textures/Abstract/PolygonPrototype_Texture_Grid_03.png
  artifactKey: Guid(86507321c175292409cc422c5e33d711) Importer(2089858483,0ecaa5967403d082aa24f35e1b516d23)
Start importing Assets/Course Library/Textures/Abstract/PolygonPrototype_Texture_Grid_03.png using Guid(86507321c175292409cc422c5e33d711) Importer(2089858483,0ecaa5967403d082aa24f35e1b516d23)  -> (artifact id: 'd7cfa8cc40e2d7499e6bb585c137e2be') in 0.011146 seconds
Number of updated asset objects reloaded before import = 0
Number of asset objects unloaded after import = 1
========================================================================
Received Import Request.
  Time since last request: 0.000046 seconds.
  path: Assets/Course Library/Objects/Food/Food_Fish_Cooked.prefab
  artifactKey: Guid(245ebd2bf811d4f45a1d5dcd8c327131) Importer(2089858483,0ecaa5967403d082aa24f35e1b516d23)
Start importing Assets/Course Library/Objects/Food/Food_Fish_Cooked.prefab using Guid(245ebd2bf811d4f45a1d5dcd8c327131) Importer(2089858483,0ecaa5967403d082aa24f35e1b516d23)  -> (artifact id: 'f07cb9e01de12506c6e2fd03c448e36c') in 0.003252 seconds
Number of updated asset objects reloaded before import = 0
Number of asset objects unloaded after import = 7
========================================================================
Received Import Request.
  Time since last request: 0.000033 seconds.
  path: Assets/Course Library/Objects/Props/Ball_Soccer_01.prefab
  artifactKey: Guid(c771dc487345feb4aa9946a24d7d7713) Importer(2089858483,0ecaa5967403d082aa24f35e1b516d23)
Start importing Assets/Course Library/Objects/Props/Ball_Soccer_01.prefab using Guid(c771dc487345feb4aa9946a24d7d7713) Importer(2089858483,0ecaa5967403d082aa24f35e1b516d23)  -> (artifact id: '0d138773e8709f5476567e5f6558dc8f') in 0.003188 seconds
Number of updated asset objects reloaded before import = 0
Number of asset objects unloaded after import = 7
========================================================================
Received Import Request.
  Time since last request: 0.000031 seconds.
  path: Assets/Course Library/Objects/Pickups/RepairIcon.prefab
  artifactKey: Guid(510349479745aac4b9209e9326e42601) Importer(2089858483,0ecaa5967403d082aa24f35e1b516d23)
Start importing Assets/Course Library/Objects/Pickups/RepairIcon.prefab using Guid(510349479745aac4b9209e9326e42601) Importer(2089858483,0ecaa5967403d082aa24f35e1b516d23)  -> (artifact id: '081511390177dae754fe18187c077c8b') in 0.006476 seconds
Number of updated asset objects reloaded before import = 0
Number of asset objects unloaded after import = 7
========================================================================
Received Import Request.
  Time since last request: 0.000030 seconds.
  path: Assets/Course Library/Objects/Props/Ball_American_01.prefab
  artifactKey: Guid(dcdfdede07642ee44ad5cfe22399dc15) Importer(2089858483,0ecaa5967403d082aa24f35e1b516d23)
Start importing Assets/Course Library/Objects/Props/Ball_American_01.prefab using Guid(dcdfdede07642ee44ad5cfe22399dc15) Importer(2089858483,0ecaa5967403d082aa24f35e1b516d23)  -> (artifact id: '824f947ea3cccfd22cdf9b622c6e68a8') in 0.003215 seconds
Number of updated asset objects reloaded before import = 0
Number of asset objects unloaded after import = 7
========================================================================
Received Import Request.
  Time since last request: 0.000034 seconds.
  path: Assets/Course Library/Objects/Obstacles/Synty_Cube_01.prefab
  artifactKey: Guid(feddb6666a6474b4a80e6e7fc805f21f) Importer(2089858483,0ecaa5967403d082aa24f35e1b516d23)
Start importing Assets/Course Library/Objects/Obstacles/Synty_Cube_01.prefab using Guid(feddb6666a6474b4a80e6e7fc805f21f) Importer(2089858483,0ecaa5967403d082aa24f35e1b516d23)  -> (artifact id: 'fc8ae83d60414fbf01578851f8424b5d') in 0.003850 seconds
Number of updated asset objects reloaded before import = 0
Number of asset objects unloaded after import = 9
========================================================================
Received Import Request.
  Time since last request: 0.000026 seconds.
  path: Assets/Course Library/Objects/Indicators/SelectionRing_03.prefab
  artifactKey: Guid(1656aec7f2b3ffe45a91801f58b00253) Importer(2089858483,0ecaa5967403d082aa24f35e1b516d23)
Start importing Assets/Course Library/Objects/Indicators/SelectionRing_03.prefab using Guid(1656aec7f2b3ffe45a91801f58b00253) Importer(2089858483,0ecaa5967403d082aa24f35e1b516d23)  -> (artifact id: '5afb1c651605c4be1304d66b3fb8973a') in 0.004350 seconds
Number of updated asset objects reloaded before import = 0
Number of asset objects unloaded after import = 7
========================================================================
Received Import Request.
  Time since last request: 0.000035 seconds.
  path: Assets/Course Library/Vehicles/Boats/Veh_FishingBoat_01.prefab
  artifactKey: Guid(9cdd18b0fee8dd24984ab7cdfb3bed4a) Importer(2089858483,0ecaa5967403d082aa24f35e1b516d23)
Start importing Assets/Course Library/Vehicles/Boats/Veh_FishingBoat_01.prefab using Guid(9cdd18b0fee8dd24984ab7cdfb3bed4a) Importer(2089858483,0ecaa5967403d082aa24f35e1b516d23)  -> (artifact id: '4ce1f6088ab61251c74691881be1f743') in 0.003098 seconds
Number of updated asset objects reloaded before import = 0
Number of asset objects unloaded after import = 7
========================================================================
Received Import Request.
  Time since last request: 0.000027 seconds.
  path: Assets/Course Library/Objects/Food/Food_Organic_Apple_01.prefab
  artifactKey: Guid(c13306d1f1d9a1a489199ef77f9dba89) Importer(2089858483,0ecaa5967403d082aa24f35e1b516d23)
Start importing Assets/Course Library/Objects/Food/Food_Organic_Apple_01.prefab using Guid(c13306d1f1d9a1a489199ef77f9dba89) Importer(2089858483,0ecaa5967403d082aa24f35e1b516d23)  -> (artifact id: 'f67dc01233ec1a6127a60539ebcc2865') in 0.004010 seconds
Number of updated asset objects reloaded before import = 0
Number of asset objects unloaded after import = 7
========================================================================
Received Import Request.
  Time since last request: 0.000039 seconds.
  path: Assets/Course Library/Characters/City/SimplePeople_BusinessMan_Black.prefab
  artifactKey: Guid(2f8d00bf5057f624e949aef802595da9) Importer(2089858483,0ecaa5967403d082aa24f35e1b516d23)
Start importing Assets/Course Library/Characters/City/SimplePeople_BusinessMan_Black.prefab using Guid(2f8d00bf5057f624e949aef802595da9) Importer(2089858483,0ecaa5967403d082aa24f35e1b516d23)  -> (artifact id: '914635d37b87ee98c7d471e262f77402') in 0.012711 seconds
Number of updated asset objects reloaded before import = 0
Number of asset objects unloaded after import = 404
========================================================================
Received Import Request.
  Time since last request: 0.000031 seconds.
  path: Assets/Course Library/Objects/Props/Ball_Beachball.prefab
  artifactKey: Guid(d9532b099f8dfb045844414b0b707bb3) Importer(2089858483,0ecaa5967403d082aa24f35e1b516d23)
Start importing Assets/Course Library/Objects/Props/Ball_Beachball.prefab using Guid(d9532b099f8dfb045844414b0b707bb3) Importer(2089858483,0ecaa5967403d082aa24f35e1b516d23)  -> (artifact id: '0008498f8c8812483c9dabadc9add550') in 0.003298 seconds
Number of updated asset objects reloaded before import = 0
Number of asset objects unloaded after import = 7
========================================================================
Received Import Request.
  Time since last request: 0.000023 seconds.
  path: Assets/Scripts/LoadGame.cs
  artifactKey: Guid(58f602f0ddaa34bd2b7af7a1e6358c2a) Importer(2089858483,0ecaa5967403d082aa24f35e1b516d23)
Start importing Assets/Scripts/LoadGame.cs using Guid(58f602f0ddaa34bd2b7af7a1e6358c2a) Importer(2089858483,0ecaa5967403d082aa24f35e1b516d23)  -> (artifact id: '03106512db4a7e2a83c874c56a93f704') in 0.002525 seconds
Number of updated asset objects reloaded before import = 0
Number of asset objects unloaded after import = 1
========================================================================
Received Prepare
Begin MonoManager ReloadAssembly
Thread 0x28a2e7000 may have been prematurely finalized
Symbol file LoadedFromMemory is not a mono symbol file
- Loaded All Assemblies, in  0.352 seconds
Refreshing native plugins compatible for Editor in 2.44 ms, found 2 plugins.
Native extension for OSXStandalone target not found
Native extension for WebGL target not found
[Package Manager] Server::EnsureServerProcessIsRunning -- launch failed, reason: Unity was launched with the -noUpm command-line argument
[Package Manager] UpmClient::Send -- Unable to send message (not connected to UPM process).
[Package Manager] Cannot connect to Unity Package Manager local server
Mono: successfully reloaded assembly
- Finished resetting the current domain, in  0.532 seconds
Domain Reload Profiling: 884ms
	BeginReloadAssembly (94ms)
		ExecutionOrderSort (0ms)
		DisableScriptedObjects (3ms)
		BackupInstance (0ms)
		ReleaseScriptingObjects (0ms)
		CreateAndSetChildDomain (40ms)
	RebuildCommonClasses (22ms)
	RebuildNativeTypeToScriptingClass (8ms)
	initialDomainReloadingComplete (13ms)
	LoadAllAssembliesAndSetupDomain (215ms)
		LoadAssemblies (176ms)
		RebuildTransferFunctionScriptingTraits (0ms)
		AnalyzeDomain (67ms)
			TypeCache.Refresh (54ms)
				TypeCache.ScanAssembly (43ms)
			ScanForSourceGeneratedMonoScriptInfo (9ms)
			ResolveRequiredComponents (3ms)
	FinalizeReload (532ms)
		ReleaseScriptCaches (0ms)
		RebuildScriptCaches (0ms)
		SetupLoadedEditorAssemblies (374ms)
			LogAssemblyErrors (0ms)
			InitializePlatformSupportModulesInManaged (3ms)
			SetLoadedEditorAssemblies (3ms)
			RefreshPlugins (0ms)
			BeforeProcessingInitializeOnLoad (44ms)
			ProcessInitializeOnLoadAttributes (235ms)
			ProcessInitializeOnLoadMethodAttributes (88ms)
			AfterProcessingInitializeOnLoad (1ms)
			EditorAssembliesLoaded (0ms)
		ExecutionOrderSort2 (0ms)
		AwakeInstancesAfterBackupRestoration (2ms)
Refreshing native plugins compatible for Editor in 2.70 ms, found 2 plugins.
Preloading 0 native plugins for Editor in 0.00 ms.
Unloading 4042 Unused Serialized files (Serialized files now loaded: 0)
Unloading 53 unused Assets / (46.7 KB). Loaded Objects now: 4508.
Memory consumption went from 161.6 MB to 161.5 MB.
Total: 5.449583 ms (FindLiveObjects: 0.160375 ms CreateObjectMapping: 0.065375 ms MarkObjects: 5.144708 ms  DeleteObjects: 0.078375 ms)

Prepare: number of updated asset objects reloaded= 0
AssetImportParameters requested are different than current active one (requested -> active):
  custom:container-demuxer-ogg: 62fdf1f143b41e24485cea50d1cbac27 -> 
  custom:video-decoder-ogg-theora: a1e56fd34408186e4bbccfd4996cb3dc -> 
  custom:CustomObjectIndexerAttribute: 756ad292c208cfabdd7b50bc23989ffe -> 
  custom:container-demuxer-webm: 4f35f7cbe854078d1ac9338744f61a02 -> 
  custom:container-muxer-webm: aa71ff27fc2769a1b78a27578f13a17b -> 
  custom:video-decoder-webm-vp8: 9c59270c3fd7afecdb556c50c9e8de78 -> 
  custom:SearchIndexIgnoredProperties: e643bd26f0fe6173181afceb89e7c659 -> 
  custom:AudioImporter_EditorPlatform: 3918e3fc78b5a79bad01e8451be0beb8 -> 
  custom:framework-osx-AVFoundation: e770b220cccbd017edd2c1fefb359320 -> 
  custom:video-encoder-webm-vp8: eb34c28f22e8b96e1ab97ce403110664 -> 
  custom:audio-decoder-ogg-vorbis: bf7c407c2cedff20999df2af8eb42d56 -> 
  custom:audio-encoder-webm-vorbis: bf7c407c2cedff20999df2af8eb42d56 -> 
========================================================================
Received Prepare
Refreshing native plugins compatible for Editor in 2.87 ms, found 2 plugins.
Preloading 0 native plugins for Editor in 0.00 ms.
Unloading 1 Unused Serialized files (Serialized files now loaded: 0)
Unloading 1 unused Assets / (3.0 KB). Loaded Objects now: 4508.
Memory consumption went from 98.8 MB to 98.8 MB.
Total: 8.231834 ms (FindLiveObjects: 0.202500 ms CreateObjectMapping: 0.074583 ms MarkObjects: 7.917042 ms  DeleteObjects: 0.037208 ms)

Prepare: number of updated asset objects reloaded= 0
AssetImportParameters requested are different than current active one (requested -> active):
  custom:container-demuxer-ogg: 62fdf1f143b41e24485cea50d1cbac27 -> 
  custom:video-decoder-ogg-theora: a1e56fd34408186e4bbccfd4996cb3dc -> 
  custom:CustomObjectIndexerAttribute: 756ad292c208cfabdd7b50bc23989ffe -> 
  custom:container-demuxer-webm: 4f35f7cbe854078d1ac9338744f61a02 -> 
  custom:container-muxer-webm: aa71ff27fc2769a1b78a27578f13a17b -> 
  custom:video-decoder-webm-vp8: 9c59270c3fd7afecdb556c50c9e8de78 -> 
  custom:SearchIndexIgnoredProperties: e643bd26f0fe6173181afceb89e7c659 -> 
  custom:AudioImporter_EditorPlatform: 3918e3fc78b5a79bad01e8451be0beb8 -> 
  custom:framework-osx-AVFoundation: e770b220cccbd017edd2c1fefb359320 -> 
  custom:video-encoder-webm-vp8: eb34c28f22e8b96e1ab97ce403110664 -> 
  custom:audio-decoder-ogg-vorbis: bf7c407c2cedff20999df2af8eb42d56 -> 
  custom:audio-encoder-webm-vorbis: bf7c407c2cedff20999df2af8eb42d56 -> 
